2024-02-21T09:23:55.852+09:00  INFO 8186 --- [restartedMain] c.example.hello.Boot01helloApplication   : Starting Boot01helloApplication using Java 17.0.9 with PID 8186 (/Users/jm/multi_deu_20/bootWork/boot01hello/target/classes started by jm in /Users/jm/multi_deu_20/bootWork/boot01hello)
2024-02-21T09:23:55.859+09:00  INFO 8186 --- [restartedMain] c.example.hello.Boot01helloApplication   : No active profile set, falling back to 1 default profile: "default"
2024-02-21T09:23:55.966+09:00  INFO 8186 --- [restartedMain] .e.DevToolsPropertyDefaultsPostProcessor : Devtools property defaults active! Set 'spring.devtools.add-properties' to 'false' to disable
2024-02-21T09:23:55.967+09:00  INFO 8186 --- [restartedMain] .e.DevToolsPropertyDefaultsPostProcessor : For additional web related logging consider setting the 'logging.level.web' property to 'DEBUG'
2024-02-21T09:23:57.114+09:00  INFO 8186 --- [restartedMain] o.s.b.w.embedded.tomcat.TomcatWebServer  : Tomcat initialized with port 8801 (http)
2024-02-21T09:23:57.129+09:00  INFO 8186 --- [restartedMain] o.apache.catalina.core.StandardService   : Starting service [Tomcat]
2024-02-21T09:23:57.130+09:00  INFO 8186 --- [restartedMain] o.apache.catalina.core.StandardEngine    : Starting Servlet engine: [Apache Tomcat/10.1.18]
2024-02-21T09:23:57.173+09:00  INFO 8186 --- [restartedMain] o.a.c.c.C.[Tomcat].[localhost].[/]       : Initializing Spring embedded WebApplicationContext
2024-02-21T09:23:57.173+09:00  INFO 8186 --- [restartedMain] w.s.c.ServletWebServerApplicationContext : Root WebApplicationContext: initialization completed in 1205 ms
2024-02-21T09:23:57.223+09:00  INFO 8186 --- [restartedMain] com.example.hello.TestComponent          : TestComponent()...
2024-02-21T09:23:57.225+09:00  INFO 8186 --- [restartedMain] com.example.hello.UserComponent          : UserComponent()...
2024-02-21T09:23:57.587+09:00  INFO 8186 --- [restartedMain] o.s.b.d.a.OptionalLiveReloadServer       : LiveReload server is running on port 35729
2024-02-21T09:23:57.622+09:00  INFO 8186 --- [restartedMain] o.s.b.w.embedded.tomcat.TomcatWebServer  : Tomcat started on port 8801 (http) with context path ''
2024-02-21T09:23:57.643+09:00  INFO 8186 --- [restartedMain] c.example.hello.Boot01helloApplication   : Started Boot01helloApplication in 2.259 seconds (process running for 3.098)
2024-02-21T09:23:57.647+09:00  INFO 8186 --- [restartedMain] c.example.hello.Boot01helloApplication   : info...
2024-02-21T09:23:57.647+09:00  WARN 8186 --- [restartedMain] c.example.hello.Boot01helloApplication   : warn..
2024-02-21T09:23:57.647+09:00 ERROR 8186 --- [restartedMain] c.example.hello.Boot01helloApplication   : error...
2024-02-21T09:26:27.211+09:00  INFO 8186 --- [File Watcher] rtingClassPathChangeChangedEventListener : Restarting due to 1 class path change (0 additions, 0 deletions, 1 modification)
2024-02-21T09:26:27.383+09:00  INFO 8186 --- [restartedMain] c.example.hello.Boot01helloApplication   : Starting Boot01helloApplication using Java 17.0.9 with PID 8186 (/Users/jm/multi_deu_20/bootWork/boot01hello/target/classes started by jm in /Users/jm/multi_deu_20/bootWork/boot01hello)
2024-02-21T09:26:27.384+09:00  INFO 8186 --- [restartedMain] c.example.hello.Boot01helloApplication   : No active profile set, falling back to 1 default profile: "default"
2024-02-21T09:26:27.671+09:00  INFO 8186 --- [restartedMain] o.s.b.w.embedded.tomcat.TomcatWebServer  : Tomcat initialized with port 8801 (http)
2024-02-21T09:26:27.673+09:00  INFO 8186 --- [restartedMain] o.apache.catalina.core.StandardService   : Starting service [Tomcat]
2024-02-21T09:26:27.673+09:00  INFO 8186 --- [restartedMain] o.apache.catalina.core.StandardEngine    : Starting Servlet engine: [Apache Tomcat/10.1.18]
2024-02-21T09:26:27.681+09:00  INFO 8186 --- [restartedMain] o.a.c.c.C.[Tomcat].[localhost].[/]       : Initializing Spring embedded WebApplicationContext
2024-02-21T09:26:27.681+09:00  INFO 8186 --- [restartedMain] w.s.c.ServletWebServerApplicationContext : Root WebApplicationContext: initialization completed in 291 ms
2024-02-21T09:26:27.688+09:00  INFO 8186 --- [restartedMain] com.example.hello.TestComponent          : TestComponent()...
2024-02-21T09:26:27.689+09:00  INFO 8186 --- [restartedMain] com.example.hello.UserComponent          : UserComponent()...
2024-02-21T09:26:27.813+09:00  INFO 8186 --- [restartedMain] o.s.b.d.a.OptionalLiveReloadServer       : LiveReload server is running on port 35729
2024-02-21T09:26:27.833+09:00  INFO 8186 --- [restartedMain] o.s.b.w.embedded.tomcat.TomcatWebServer  : Tomcat started on port 8801 (http) with context path ''
2024-02-21T09:26:27.840+09:00  INFO 8186 --- [restartedMain] c.example.hello.Boot01helloApplication   : Started Boot01helloApplication in 0.524 seconds (process running for 153.3)
2024-02-21T09:26:27.850+09:00  INFO 8186 --- [restartedMain] .ConditionEvaluationDeltaLoggingListener : Condition evaluation unchanged
2024-02-21T09:26:27.851+09:00  INFO 8186 --- [restartedMain] c.example.hello.Boot01helloApplication   : info...
2024-02-21T09:26:27.851+09:00  WARN 8186 --- [restartedMain] c.example.hello.Boot01helloApplication   : warn..
2024-02-21T09:26:27.851+09:00 ERROR 8186 --- [restartedMain] c.example.hello.Boot01helloApplication   : error...
2024-02-21T09:26:29.332+09:00  INFO 8186 --- [RMI TCP Connection(14)-127.0.0.1] inMXBeanRegistrar$SpringApplicationAdmin : Application shutdown requested.
2024-02-21T09:26:31.338+09:00  INFO 8626 --- [restartedMain] c.example.hello.Boot01helloApplication   : Starting Boot01helloApplication using Java 17.0.9 with PID 8626 (/Users/jm/multi_deu_20/bootWork/boot01hello/target/classes started by jm in /Users/jm/multi_deu_20/bootWork/boot01hello)
2024-02-21T09:26:31.340+09:00  INFO 8626 --- [restartedMain] c.example.hello.Boot01helloApplication   : No active profile set, falling back to 1 default profile: "default"
2024-02-21T09:26:31.412+09:00  INFO 8626 --- [restartedMain] .e.DevToolsPropertyDefaultsPostProcessor : Devtools property defaults active! Set 'spring.devtools.add-properties' to 'false' to disable
2024-02-21T09:26:31.412+09:00  INFO 8626 --- [restartedMain] .e.DevToolsPropertyDefaultsPostProcessor : For additional web related logging consider setting the 'logging.level.web' property to 'DEBUG'
2024-02-21T09:26:32.441+09:00  INFO 8626 --- [restartedMain] o.s.b.w.embedded.tomcat.TomcatWebServer  : Tomcat initialized with port 8801 (http)
2024-02-21T09:26:32.454+09:00  INFO 8626 --- [restartedMain] o.apache.catalina.core.StandardService   : Starting service [Tomcat]
2024-02-21T09:26:32.455+09:00  INFO 8626 --- [restartedMain] o.apache.catalina.core.StandardEngine    : Starting Servlet engine: [Apache Tomcat/10.1.18]
2024-02-21T09:26:32.492+09:00  INFO 8626 --- [restartedMain] o.a.c.c.C.[Tomcat].[localhost].[/]       : Initializing Spring embedded WebApplicationContext
2024-02-21T09:26:32.493+09:00  INFO 8626 --- [restartedMain] w.s.c.ServletWebServerApplicationContext : Root WebApplicationContext: initialization completed in 1080 ms
2024-02-21T09:26:32.537+09:00  INFO 8626 --- [restartedMain] com.example.hello.TestComponent          : TestComponent()...
2024-02-21T09:26:32.538+09:00  INFO 8626 --- [restartedMain] com.example.hello.UserComponent          : UserComponent()...
2024-02-21T09:26:32.868+09:00  INFO 8626 --- [restartedMain] o.s.b.d.a.OptionalLiveReloadServer       : LiveReload server is running on port 35729
2024-02-21T09:26:32.899+09:00  INFO 8626 --- [restartedMain] o.s.b.w.embedded.tomcat.TomcatWebServer  : Tomcat started on port 8801 (http) with context path ''
2024-02-21T09:26:32.913+09:00  INFO 8626 --- [restartedMain] c.example.hello.Boot01helloApplication   : Started Boot01helloApplication in 2.006 seconds (process running for 2.785)
2024-02-21T09:26:32.917+09:00  INFO 8626 --- [restartedMain] c.example.hello.Boot01helloApplication   : info...
2024-02-21T09:26:32.917+09:00  WARN 8626 --- [restartedMain] c.example.hello.Boot01helloApplication   : warn..
2024-02-21T09:26:32.917+09:00 ERROR 8626 --- [restartedMain] c.example.hello.Boot01helloApplication   : error...
2024-02-21T09:27:12.606+09:00  INFO 8626 --- [File Watcher] rtingClassPathChangeChangedEventListener : Restarting due to 1 class path change (0 additions, 0 deletions, 1 modification)
2024-02-21T09:27:12.782+09:00  INFO 8626 --- [restartedMain] c.example.hello.Boot01helloApplication   : Starting Boot01helloApplication using Java 17.0.9 with PID 8626 (/Users/jm/multi_deu_20/bootWork/boot01hello/target/classes started by jm in /Users/jm/multi_deu_20/bootWork/boot01hello)
2024-02-21T09:27:12.783+09:00  INFO 8626 --- [restartedMain] c.example.hello.Boot01helloApplication   : No active profile set, falling back to 1 default profile: "default"
2024-02-21T09:27:13.113+09:00  INFO 8626 --- [restartedMain] o.s.b.w.embedded.tomcat.TomcatWebServer  : Tomcat initialized with port 8801 (http)
2024-02-21T09:27:13.116+09:00  INFO 8626 --- [restartedMain] o.apache.catalina.core.StandardService   : Starting service [Tomcat]
2024-02-21T09:27:13.117+09:00  INFO 8626 --- [restartedMain] o.apache.catalina.core.StandardEngine    : Starting Servlet engine: [Apache Tomcat/10.1.18]
2024-02-21T09:27:13.127+09:00  INFO 8626 --- [restartedMain] o.a.c.c.C.[Tomcat].[localhost].[/]       : Initializing Spring embedded WebApplicationContext
2024-02-21T09:27:13.127+09:00  INFO 8626 --- [restartedMain] w.s.c.ServletWebServerApplicationContext : Root WebApplicationContext: initialization completed in 338 ms
2024-02-21T09:27:13.134+09:00  INFO 8626 --- [restartedMain] com.example.hello.TestComponent          : TestComponent()...
2024-02-21T09:27:13.135+09:00  INFO 8626 --- [restartedMain] com.example.hello.UserComponent          : UserComponent()...
2024-02-21T09:27:13.271+09:00  INFO 8626 --- [restartedMain] o.s.b.d.a.OptionalLiveReloadServer       : LiveReload server is running on port 35729
2024-02-21T09:27:13.287+09:00  INFO 8626 --- [restartedMain] o.s.b.w.embedded.tomcat.TomcatWebServer  : Tomcat started on port 8801 (http) with context path ''
2024-02-21T09:27:13.300+09:00  INFO 8626 --- [restartedMain] c.example.hello.Boot01helloApplication   : Started Boot01helloApplication in 0.588 seconds (process running for 43.174)
2024-02-21T09:27:13.315+09:00  INFO 8626 --- [restartedMain] .ConditionEvaluationDeltaLoggingListener : Condition evaluation unchanged
2024-02-21T09:27:13.316+09:00  INFO 8626 --- [restartedMain] c.example.hello.Boot01helloApplication   : info...
2024-02-21T09:27:13.317+09:00  WARN 8626 --- [restartedMain] c.example.hello.Boot01helloApplication   : warn..
2024-02-21T09:27:13.320+09:00 ERROR 8626 --- [restartedMain] c.example.hello.Boot01helloApplication   : error...
2024-02-21T09:27:43.915+09:00  INFO 8626 --- [File Watcher] rtingClassPathChangeChangedEventListener : Restarting due to 1 class path change (0 additions, 0 deletions, 1 modification)
2024-02-21T09:27:44.048+09:00  INFO 8626 --- [restartedMain] c.example.hello.Boot01helloApplication   : Starting Boot01helloApplication using Java 17.0.9 with PID 8626 (/Users/jm/multi_deu_20/bootWork/boot01hello/target/classes started by jm in /Users/jm/multi_deu_20/bootWork/boot01hello)
2024-02-21T09:27:44.049+09:00  INFO 8626 --- [restartedMain] c.example.hello.Boot01helloApplication   : No active profile set, falling back to 1 default profile: "default"
2024-02-21T09:27:44.257+09:00  INFO 8626 --- [restartedMain] o.s.b.w.embedded.tomcat.TomcatWebServer  : Tomcat initialized with port 8801 (http)
2024-02-21T09:27:44.258+09:00  INFO 8626 --- [restartedMain] o.apache.catalina.core.StandardService   : Starting service [Tomcat]
2024-02-21T09:27:44.259+09:00  INFO 8626 --- [restartedMain] o.apache.catalina.core.StandardEngine    : Starting Servlet engine: [Apache Tomcat/10.1.18]
2024-02-21T09:27:44.270+09:00  INFO 8626 --- [restartedMain] o.a.c.c.C.[Tomcat].[localhost].[/]       : Initializing Spring embedded WebApplicationContext
2024-02-21T09:27:44.271+09:00  INFO 8626 --- [restartedMain] w.s.c.ServletWebServerApplicationContext : Root WebApplicationContext: initialization completed in 214 ms
2024-02-21T09:27:44.280+09:00  INFO 8626 --- [restartedMain] com.example.hello.TestComponent          : TestComponent()...
2024-02-21T09:27:44.281+09:00  INFO 8626 --- [restartedMain] com.example.hello.UserComponent          : UserComponent()...
2024-02-21T09:27:44.381+09:00  INFO 8626 --- [restartedMain] o.s.b.d.a.OptionalLiveReloadServer       : LiveReload server is running on port 35729
2024-02-21T09:27:44.389+09:00  INFO 8626 --- [restartedMain] o.s.b.w.embedded.tomcat.TomcatWebServer  : Tomcat started on port 8801 (http) with context path ''
2024-02-21T09:27:44.394+09:00  INFO 8626 --- [restartedMain] c.example.hello.Boot01helloApplication   : Started Boot01helloApplication in 0.395 seconds (process running for 74.269)
2024-02-21T09:27:44.396+09:00  INFO 8626 --- [restartedMain] .ConditionEvaluationDeltaLoggingListener : Condition evaluation unchanged
2024-02-21T09:27:44.398+09:00  INFO 8626 --- [restartedMain] c.example.hello.Boot01helloApplication   : info...
2024-02-21T09:27:44.401+09:00  WARN 8626 --- [restartedMain] c.example.hello.Boot01helloApplication   : warn..
2024-02-21T09:27:44.401+09:00 ERROR 8626 --- [restartedMain] c.example.hello.Boot01helloApplication   : error...
2024-02-21T09:28:13.022+09:00  INFO 8626 --- [File Watcher] rtingClassPathChangeChangedEventListener : Restarting due to 1 class path change (0 additions, 0 deletions, 1 modification)
2024-02-21T09:28:13.162+09:00  INFO 8626 --- [restartedMain] c.example.hello.Boot01helloApplication   : Starting Boot01helloApplication using Java 17.0.9 with PID 8626 (/Users/jm/multi_deu_20/bootWork/boot01hello/target/classes started by jm in /Users/jm/multi_deu_20/bootWork/boot01hello)
2024-02-21T09:28:13.163+09:00  INFO 8626 --- [restartedMain] c.example.hello.Boot01helloApplication   : No active profile set, falling back to 1 default profile: "default"
2024-02-21T09:28:13.369+09:00  INFO 8626 --- [restartedMain] o.s.b.w.embedded.tomcat.TomcatWebServer  : Tomcat initialized with port 8801 (http)
2024-02-21T09:28:13.371+09:00  INFO 8626 --- [restartedMain] o.apache.catalina.core.StandardService   : Starting service [Tomcat]
2024-02-21T09:28:13.371+09:00  INFO 8626 --- [restartedMain] o.apache.catalina.core.StandardEngine    : Starting Servlet engine: [Apache Tomcat/10.1.18]
2024-02-21T09:28:13.382+09:00  INFO 8626 --- [restartedMain] o.a.c.c.C.[Tomcat].[localhost].[/]       : Initializing Spring embedded WebApplicationContext
2024-02-21T09:28:13.383+09:00  INFO 8626 --- [restartedMain] w.s.c.ServletWebServerApplicationContext : Root WebApplicationContext: initialization completed in 213 ms
2024-02-21T09:28:13.392+09:00  INFO 8626 --- [restartedMain] com.example.hello.TestComponent          : TestComponent()...
2024-02-21T09:28:13.392+09:00  INFO 8626 --- [restartedMain] com.example.hello.UserComponent          : UserComponent()...
2024-02-21T09:28:13.472+09:00  INFO 8626 --- [restartedMain] o.s.b.d.a.OptionalLiveReloadServer       : LiveReload server is running on port 35729
2024-02-21T09:28:13.481+09:00  INFO 8626 --- [restartedMain] o.s.b.w.embedded.tomcat.TomcatWebServer  : Tomcat started on port 8801 (http) with context path ''
2024-02-21T09:28:13.486+09:00  INFO 8626 --- [restartedMain] c.example.hello.Boot01helloApplication   : Started Boot01helloApplication in 0.38 seconds (process running for 103.361)
2024-02-21T09:28:13.489+09:00  INFO 8626 --- [restartedMain] .ConditionEvaluationDeltaLoggingListener : Condition evaluation unchanged
2024-02-21T09:28:13.489+09:00  INFO 8626 --- [restartedMain] c.example.hello.Boot01helloApplication   : info...
2024-02-21T09:28:13.489+09:00  WARN 8626 --- [restartedMain] c.example.hello.Boot01helloApplication   : warn..
2024-02-21T09:28:13.489+09:00 ERROR 8626 --- [restartedMain] c.example.hello.Boot01helloApplication   : error...
2024-02-21T09:28:47.155+09:00  INFO 8626 --- [File Watcher] rtingClassPathChangeChangedEventListener : Restarting due to 1 class path change (0 additions, 0 deletions, 1 modification)
2024-02-21T09:28:47.292+09:00  INFO 8626 --- [restartedMain] c.example.hello.Boot01helloApplication   : Starting Boot01helloApplication using Java 17.0.9 with PID 8626 (/Users/jm/multi_deu_20/bootWork/boot01hello/target/classes started by jm in /Users/jm/multi_deu_20/bootWork/boot01hello)
2024-02-21T09:28:47.293+09:00  INFO 8626 --- [restartedMain] c.example.hello.Boot01helloApplication   : No active profile set, falling back to 1 default profile: "default"
2024-02-21T09:28:47.478+09:00  INFO 8626 --- [restartedMain] o.s.b.w.embedded.tomcat.TomcatWebServer  : Tomcat initialized with port 8801 (http)
2024-02-21T09:28:47.480+09:00  INFO 8626 --- [restartedMain] o.apache.catalina.core.StandardService   : Starting service [Tomcat]
2024-02-21T09:28:47.480+09:00  INFO 8626 --- [restartedMain] o.apache.catalina.core.StandardEngine    : Starting Servlet engine: [Apache Tomcat/10.1.18]
2024-02-21T09:28:47.488+09:00  INFO 8626 --- [restartedMain] o.a.c.c.C.[Tomcat].[localhost].[/]       : Initializing Spring embedded WebApplicationContext
2024-02-21T09:28:47.489+09:00  INFO 8626 --- [restartedMain] w.s.c.ServletWebServerApplicationContext : Root WebApplicationContext: initialization completed in 191 ms
2024-02-21T09:28:47.497+09:00  INFO 8626 --- [restartedMain] com.example.hello.TestComponent          : TestComponent()...
2024-02-21T09:28:47.498+09:00  INFO 8626 --- [restartedMain] com.example.hello.UserComponent          : UserComponent()...
2024-02-21T09:28:47.514+09:00  WARN 8626 --- [restartedMain] ConfigServletWebServerApplicationContext : Exception encountered during context initialization - cancelling refresh attempt: org.springframework.beans.factory.BeanCreationException: Error creating bean with name 'userComponent' defined in file [/Users/jm/multi_deu_20/bootWork/boot01hello/target/classes/com/example/hello/UserComponent.class]: Failed to instantiate [com.example.hello.UserComponent]: Constructor threw exception
2024-02-21T09:28:47.515+09:00  INFO 8626 --- [restartedMain] o.apache.catalina.core.StandardService   : Stopping service [Tomcat]
2024-02-21T09:28:47.527+09:00  INFO 8626 --- [restartedMain] .s.b.a.l.ConditionEvaluationReportLogger : 

Error starting ApplicationContext. To display the condition evaluation report re-run your application with 'debug' enabled.
2024-02-21T09:28:47.545+09:00 ERROR 8626 --- [restartedMain] o.s.boot.SpringApplication               : Application run failed

org.springframework.beans.factory.BeanCreationException: Error creating bean with name 'userComponent' defined in file [/Users/jm/multi_deu_20/bootWork/boot01hello/target/classes/com/example/hello/UserComponent.class]: Failed to instantiate [com.example.hello.UserComponent]: Constructor threw exception
	at org.springframework.beans.factory.support.AbstractAutowireCapableBeanFactory.instantiateBean(AbstractAutowireCapableBeanFactory.java:1316) ~[spring-beans-6.1.3.jar:6.1.3]
	at org.springframework.beans.factory.support.AbstractAutowireCapableBeanFactory.createBeanInstance(AbstractAutowireCapableBeanFactory.java:1201) ~[spring-beans-6.1.3.jar:6.1.3]
	at org.springframework.beans.factory.support.AbstractAutowireCapableBeanFactory.doCreateBean(AbstractAutowireCapableBeanFactory.java:561) ~[spring-beans-6.1.3.jar:6.1.3]
	at org.springframework.beans.factory.support.AbstractAutowireCapableBeanFactory.createBean(AbstractAutowireCapableBeanFactory.java:521) ~[spring-beans-6.1.3.jar:6.1.3]
	at org.springframework.beans.factory.support.AbstractBeanFactory.lambda$doGetBean$0(AbstractBeanFactory.java:325) ~[spring-beans-6.1.3.jar:6.1.3]
	at org.springframework.beans.factory.support.DefaultSingletonBeanRegistry.getSingleton(DefaultSingletonBeanRegistry.java:234) ~[spring-beans-6.1.3.jar:6.1.3]
	at org.springframework.beans.factory.support.AbstractBeanFactory.doGetBean(AbstractBeanFactory.java:323) ~[spring-beans-6.1.3.jar:6.1.3]
	at org.springframework.beans.factory.support.AbstractBeanFactory.getBean(AbstractBeanFactory.java:199) ~[spring-beans-6.1.3.jar:6.1.3]
	at org.springframework.beans.factory.support.DefaultListableBeanFactory.preInstantiateSingletons(DefaultListableBeanFactory.java:975) ~[spring-beans-6.1.3.jar:6.1.3]
	at org.springframework.context.support.AbstractApplicationContext.finishBeanFactoryInitialization(AbstractApplicationContext.java:959) ~[spring-context-6.1.3.jar:6.1.3]
	at org.springframework.context.support.AbstractApplicationContext.refresh(AbstractApplicationContext.java:624) ~[spring-context-6.1.3.jar:6.1.3]
	at org.springframework.boot.web.servlet.context.ServletWebServerApplicationContext.refresh(ServletWebServerApplicationContext.java:146) ~[spring-boot-3.2.2.jar:3.2.2]
	at org.springframework.boot.SpringApplication.refresh(SpringApplication.java:754) ~[spring-boot-3.2.2.jar:3.2.2]
	at org.springframework.boot.SpringApplication.refreshContext(SpringApplication.java:456) ~[spring-boot-3.2.2.jar:3.2.2]
	at org.springframework.boot.SpringApplication.run(SpringApplication.java:334) ~[spring-boot-3.2.2.jar:3.2.2]
	at org.springframework.boot.SpringApplication.run(SpringApplication.java:1354) ~[spring-boot-3.2.2.jar:3.2.2]
	at org.springframework.boot.SpringApplication.run(SpringApplication.java:1343) ~[spring-boot-3.2.2.jar:3.2.2]
	at com.example.hello.Boot01helloApplication.main(Boot01helloApplication.java:13) ~[classes/:na]
	at java.base/jdk.internal.reflect.NativeMethodAccessorImpl.invoke0(Native Method) ~[na:na]
	at java.base/jdk.internal.reflect.NativeMethodAccessorImpl.invoke(NativeMethodAccessorImpl.java:77) ~[na:na]
	at java.base/jdk.internal.reflect.DelegatingMethodAccessorImpl.invoke(DelegatingMethodAccessorImpl.java:43) ~[na:na]
	at java.base/java.lang.reflect.Method.invoke(Method.java:568) ~[na:na]
	at org.springframework.boot.devtools.restart.RestartLauncher.run(RestartLauncher.java:50) ~[spring-boot-devtools-3.2.2.jar:3.2.2]
Caused by: org.springframework.beans.BeanInstantiationException: Failed to instantiate [com.example.hello.UserComponent]: Constructor threw exception
	at org.springframework.beans.BeanUtils.instantiateClass(BeanUtils.java:223) ~[spring-beans-6.1.3.jar:6.1.3]
	at org.springframework.beans.factory.support.SimpleInstantiationStrategy.instantiate(SimpleInstantiationStrategy.java:88) ~[spring-beans-6.1.3.jar:6.1.3]
	at org.springframework.beans.factory.support.AbstractAutowireCapableBeanFactory.instantiateBean(AbstractAutowireCapableBeanFactory.java:1310) ~[spring-beans-6.1.3.jar:6.1.3]
	... 22 common frames omitted
Caused by: java.lang.NullPointerException: Cannot invoke "com.example.hello.TestComponent.start()" because "this.testcom" is null
	at com.example.hello.UserComponent.<init>(UserComponent.java:18) ~[classes/:na]
	at java.base/jdk.internal.reflect.NativeConstructorAccessorImpl.newInstance0(Native Method) ~[na:na]
	at java.base/jdk.internal.reflect.NativeConstructorAccessorImpl.newInstance(NativeConstructorAccessorImpl.java:77) ~[na:na]
	at java.base/jdk.internal.reflect.DelegatingConstructorAccessorImpl.newInstance(DelegatingConstructorAccessorImpl.java:45) ~[na:na]
	at java.base/java.lang.reflect.Constructor.newInstanceWithCaller(Constructor.java:499) ~[na:na]
	at java.base/java.lang.reflect.Constructor.newInstance(Constructor.java:480) ~[na:na]
	at org.springframework.beans.BeanUtils.instantiateClass(BeanUtils.java:197) ~[spring-beans-6.1.3.jar:6.1.3]
	... 24 common frames omitted

2024-02-21T09:28:49.606+09:00  INFO 9009 --- [restartedMain] c.example.hello.Boot01helloApplication   : Starting Boot01helloApplication using Java 17.0.9 with PID 9009 (/Users/jm/multi_deu_20/bootWork/boot01hello/target/classes started by jm in /Users/jm/multi_deu_20/bootWork/boot01hello)
2024-02-21T09:28:49.608+09:00  INFO 9009 --- [restartedMain] c.example.hello.Boot01helloApplication   : No active profile set, falling back to 1 default profile: "default"
2024-02-21T09:28:49.677+09:00  INFO 9009 --- [restartedMain] .e.DevToolsPropertyDefaultsPostProcessor : Devtools property defaults active! Set 'spring.devtools.add-properties' to 'false' to disable
2024-02-21T09:28:49.677+09:00  INFO 9009 --- [restartedMain] .e.DevToolsPropertyDefaultsPostProcessor : For additional web related logging consider setting the 'logging.level.web' property to 'DEBUG'
2024-02-21T09:28:50.681+09:00  INFO 9009 --- [restartedMain] o.s.b.w.embedded.tomcat.TomcatWebServer  : Tomcat initialized with port 8801 (http)
2024-02-21T09:28:50.694+09:00  INFO 9009 --- [restartedMain] o.apache.catalina.core.StandardService   : Starting service [Tomcat]
2024-02-21T09:28:50.694+09:00  INFO 9009 --- [restartedMain] o.apache.catalina.core.StandardEngine    : Starting Servlet engine: [Apache Tomcat/10.1.18]
2024-02-21T09:28:50.735+09:00  INFO 9009 --- [restartedMain] o.a.c.c.C.[Tomcat].[localhost].[/]       : Initializing Spring embedded WebApplicationContext
2024-02-21T09:28:50.736+09:00  INFO 9009 --- [restartedMain] w.s.c.ServletWebServerApplicationContext : Root WebApplicationContext: initialization completed in 1057 ms
2024-02-21T09:28:50.781+09:00  INFO 9009 --- [restartedMain] com.example.hello.TestComponent          : TestComponent()...
2024-02-21T09:28:50.781+09:00  INFO 9009 --- [restartedMain] com.example.hello.UserComponent          : UserComponent()...
2024-02-21T09:28:50.783+09:00  WARN 9009 --- [restartedMain] ConfigServletWebServerApplicationContext : Exception encountered during context initialization - cancelling refresh attempt: org.springframework.beans.factory.BeanCreationException: Error creating bean with name 'userComponent' defined in file [/Users/jm/multi_deu_20/bootWork/boot01hello/target/classes/com/example/hello/UserComponent.class]: Failed to instantiate [com.example.hello.UserComponent]: Constructor threw exception
2024-02-21T09:28:50.789+09:00  INFO 9009 --- [restartedMain] o.apache.catalina.core.StandardService   : Stopping service [Tomcat]
2024-02-21T09:28:50.809+09:00  INFO 9009 --- [restartedMain] .s.b.a.l.ConditionEvaluationReportLogger : 

Error starting ApplicationContext. To display the condition evaluation report re-run your application with 'debug' enabled.
2024-02-21T09:28:50.828+09:00 ERROR 9009 --- [restartedMain] o.s.boot.SpringApplication               : Application run failed

org.springframework.beans.factory.BeanCreationException: Error creating bean with name 'userComponent' defined in file [/Users/jm/multi_deu_20/bootWork/boot01hello/target/classes/com/example/hello/UserComponent.class]: Failed to instantiate [com.example.hello.UserComponent]: Constructor threw exception
	at org.springframework.beans.factory.support.AbstractAutowireCapableBeanFactory.instantiateBean(AbstractAutowireCapableBeanFactory.java:1316) ~[spring-beans-6.1.3.jar:6.1.3]
	at org.springframework.beans.factory.support.AbstractAutowireCapableBeanFactory.createBeanInstance(AbstractAutowireCapableBeanFactory.java:1201) ~[spring-beans-6.1.3.jar:6.1.3]
	at org.springframework.beans.factory.support.AbstractAutowireCapableBeanFactory.doCreateBean(AbstractAutowireCapableBeanFactory.java:561) ~[spring-beans-6.1.3.jar:6.1.3]
	at org.springframework.beans.factory.support.AbstractAutowireCapableBeanFactory.createBean(AbstractAutowireCapableBeanFactory.java:521) ~[spring-beans-6.1.3.jar:6.1.3]
	at org.springframework.beans.factory.support.AbstractBeanFactory.lambda$doGetBean$0(AbstractBeanFactory.java:325) ~[spring-beans-6.1.3.jar:6.1.3]
	at org.springframework.beans.factory.support.DefaultSingletonBeanRegistry.getSingleton(DefaultSingletonBeanRegistry.java:234) ~[spring-beans-6.1.3.jar:6.1.3]
	at org.springframework.beans.factory.support.AbstractBeanFactory.doGetBean(AbstractBeanFactory.java:323) ~[spring-beans-6.1.3.jar:6.1.3]
	at org.springframework.beans.factory.support.AbstractBeanFactory.getBean(AbstractBeanFactory.java:199) ~[spring-beans-6.1.3.jar:6.1.3]
	at org.springframework.beans.factory.support.DefaultListableBeanFactory.preInstantiateSingletons(DefaultListableBeanFactory.java:975) ~[spring-beans-6.1.3.jar:6.1.3]
	at org.springframework.context.support.AbstractApplicationContext.finishBeanFactoryInitialization(AbstractApplicationContext.java:959) ~[spring-context-6.1.3.jar:6.1.3]
	at org.springframework.context.support.AbstractApplicationContext.refresh(AbstractApplicationContext.java:624) ~[spring-context-6.1.3.jar:6.1.3]
	at org.springframework.boot.web.servlet.context.ServletWebServerApplicationContext.refresh(ServletWebServerApplicationContext.java:146) ~[spring-boot-3.2.2.jar:3.2.2]
	at org.springframework.boot.SpringApplication.refresh(SpringApplication.java:754) ~[spring-boot-3.2.2.jar:3.2.2]
	at org.springframework.boot.SpringApplication.refreshContext(SpringApplication.java:456) ~[spring-boot-3.2.2.jar:3.2.2]
	at org.springframework.boot.SpringApplication.run(SpringApplication.java:334) ~[spring-boot-3.2.2.jar:3.2.2]
	at org.springframework.boot.SpringApplication.run(SpringApplication.java:1354) ~[spring-boot-3.2.2.jar:3.2.2]
	at org.springframework.boot.SpringApplication.run(SpringApplication.java:1343) ~[spring-boot-3.2.2.jar:3.2.2]
	at com.example.hello.Boot01helloApplication.main(Boot01helloApplication.java:13) ~[classes/:na]
	at java.base/jdk.internal.reflect.NativeMethodAccessorImpl.invoke0(Native Method) ~[na:na]
	at java.base/jdk.internal.reflect.NativeMethodAccessorImpl.invoke(NativeMethodAccessorImpl.java:77) ~[na:na]
	at java.base/jdk.internal.reflect.DelegatingMethodAccessorImpl.invoke(DelegatingMethodAccessorImpl.java:43) ~[na:na]
	at java.base/java.lang.reflect.Method.invoke(Method.java:568) ~[na:na]
	at org.springframework.boot.devtools.restart.RestartLauncher.run(RestartLauncher.java:50) ~[spring-boot-devtools-3.2.2.jar:3.2.2]
Caused by: org.springframework.beans.BeanInstantiationException: Failed to instantiate [com.example.hello.UserComponent]: Constructor threw exception
	at org.springframework.beans.BeanUtils.instantiateClass(BeanUtils.java:223) ~[spring-beans-6.1.3.jar:6.1.3]
	at org.springframework.beans.factory.support.SimpleInstantiationStrategy.instantiate(SimpleInstantiationStrategy.java:88) ~[spring-beans-6.1.3.jar:6.1.3]
	at org.springframework.beans.factory.support.AbstractAutowireCapableBeanFactory.instantiateBean(AbstractAutowireCapableBeanFactory.java:1310) ~[spring-beans-6.1.3.jar:6.1.3]
	... 22 common frames omitted
Caused by: java.lang.NullPointerException: Cannot invoke "com.example.hello.TestComponent.start()" because "this.testcom" is null
	at com.example.hello.UserComponent.<init>(UserComponent.java:18) ~[classes/:na]
	at java.base/jdk.internal.reflect.NativeConstructorAccessorImpl.newInstance0(Native Method) ~[na:na]
	at java.base/jdk.internal.reflect.NativeConstructorAccessorImpl.newInstance(NativeConstructorAccessorImpl.java:77) ~[na:na]
	at java.base/jdk.internal.reflect.DelegatingConstructorAccessorImpl.newInstance(DelegatingConstructorAccessorImpl.java:45) ~[na:na]
	at java.base/java.lang.reflect.Constructor.newInstanceWithCaller(Constructor.java:499) ~[na:na]
	at java.base/java.lang.reflect.Constructor.newInstance(Constructor.java:480) ~[na:na]
	at org.springframework.beans.BeanUtils.instantiateClass(BeanUtils.java:197) ~[spring-beans-6.1.3.jar:6.1.3]
	... 24 common frames omitted

2024-02-21T09:32:04.343+09:00  INFO 9571 --- [restartedMain] c.example.hello.Boot01helloApplication   : Starting Boot01helloApplication using Java 17.0.9 with PID 9571 (/Users/jm/multi_deu_20/bootWork/boot01hello/target/classes started by jm in /Users/jm/multi_deu_20/bootWork/boot01hello)
2024-02-21T09:32:04.346+09:00  INFO 9571 --- [restartedMain] c.example.hello.Boot01helloApplication   : No active profile set, falling back to 1 default profile: "default"
2024-02-21T09:32:04.421+09:00  INFO 9571 --- [restartedMain] .e.DevToolsPropertyDefaultsPostProcessor : Devtools property defaults active! Set 'spring.devtools.add-properties' to 'false' to disable
2024-02-21T09:32:04.422+09:00  INFO 9571 --- [restartedMain] .e.DevToolsPropertyDefaultsPostProcessor : For additional web related logging consider setting the 'logging.level.web' property to 'DEBUG'
2024-02-21T09:32:05.481+09:00  INFO 9571 --- [restartedMain] o.s.b.w.embedded.tomcat.TomcatWebServer  : Tomcat initialized with port 8801 (http)
2024-02-21T09:32:05.495+09:00  INFO 9571 --- [restartedMain] o.apache.catalina.core.StandardService   : Starting service [Tomcat]
2024-02-21T09:32:05.496+09:00  INFO 9571 --- [restartedMain] o.apache.catalina.core.StandardEngine    : Starting Servlet engine: [Apache Tomcat/10.1.18]
2024-02-21T09:32:05.536+09:00  INFO 9571 --- [restartedMain] o.a.c.c.C.[Tomcat].[localhost].[/]       : Initializing Spring embedded WebApplicationContext
2024-02-21T09:32:05.537+09:00  INFO 9571 --- [restartedMain] w.s.c.ServletWebServerApplicationContext : Root WebApplicationContext: initialization completed in 1115 ms
2024-02-21T09:32:05.583+09:00  INFO 9571 --- [restartedMain] com.example.hello.TestComponent          : TestComponent()...
2024-02-21T09:32:05.585+09:00  WARN 9571 --- [restartedMain] ConfigServletWebServerApplicationContext : Exception encountered during context initialization - cancelling refresh attempt: org.springframework.beans.factory.BeanCreationException: Error creating bean with name 'testComponent' defined in file [/Users/jm/multi_deu_20/bootWork/boot01hello/target/classes/com/example/hello/TestComponent.class]: Failed to instantiate [com.example.hello.TestComponent]: Constructor threw exception
2024-02-21T09:32:05.590+09:00  INFO 9571 --- [restartedMain] o.apache.catalina.core.StandardService   : Stopping service [Tomcat]
2024-02-21T09:32:05.607+09:00  INFO 9571 --- [restartedMain] .s.b.a.l.ConditionEvaluationReportLogger : 

Error starting ApplicationContext. To display the condition evaluation report re-run your application with 'debug' enabled.
2024-02-21T09:32:05.629+09:00 ERROR 9571 --- [restartedMain] o.s.boot.SpringApplication               : Application run failed

org.springframework.beans.factory.BeanCreationException: Error creating bean with name 'testComponent' defined in file [/Users/jm/multi_deu_20/bootWork/boot01hello/target/classes/com/example/hello/TestComponent.class]: Failed to instantiate [com.example.hello.TestComponent]: Constructor threw exception
	at org.springframework.beans.factory.support.AbstractAutowireCapableBeanFactory.instantiateBean(AbstractAutowireCapableBeanFactory.java:1316) ~[spring-beans-6.1.3.jar:6.1.3]
	at org.springframework.beans.factory.support.AbstractAutowireCapableBeanFactory.createBeanInstance(AbstractAutowireCapableBeanFactory.java:1201) ~[spring-beans-6.1.3.jar:6.1.3]
	at org.springframework.beans.factory.support.AbstractAutowireCapableBeanFactory.doCreateBean(AbstractAutowireCapableBeanFactory.java:561) ~[spring-beans-6.1.3.jar:6.1.3]
	at org.springframework.beans.factory.support.AbstractAutowireCapableBeanFactory.createBean(AbstractAutowireCapableBeanFactory.java:521) ~[spring-beans-6.1.3.jar:6.1.3]
	at org.springframework.beans.factory.support.AbstractBeanFactory.lambda$doGetBean$0(AbstractBeanFactory.java:325) ~[spring-beans-6.1.3.jar:6.1.3]
	at org.springframework.beans.factory.support.DefaultSingletonBeanRegistry.getSingleton(DefaultSingletonBeanRegistry.java:234) ~[spring-beans-6.1.3.jar:6.1.3]
	at org.springframework.beans.factory.support.AbstractBeanFactory.doGetBean(AbstractBeanFactory.java:323) ~[spring-beans-6.1.3.jar:6.1.3]
	at org.springframework.beans.factory.support.AbstractBeanFactory.getBean(AbstractBeanFactory.java:199) ~[spring-beans-6.1.3.jar:6.1.3]
	at org.springframework.beans.factory.support.DefaultListableBeanFactory.preInstantiateSingletons(DefaultListableBeanFactory.java:975) ~[spring-beans-6.1.3.jar:6.1.3]
	at org.springframework.context.support.AbstractApplicationContext.finishBeanFactoryInitialization(AbstractApplicationContext.java:959) ~[spring-context-6.1.3.jar:6.1.3]
	at org.springframework.context.support.AbstractApplicationContext.refresh(AbstractApplicationContext.java:624) ~[spring-context-6.1.3.jar:6.1.3]
	at org.springframework.boot.web.servlet.context.ServletWebServerApplicationContext.refresh(ServletWebServerApplicationContext.java:146) ~[spring-boot-3.2.2.jar:3.2.2]
	at org.springframework.boot.SpringApplication.refresh(SpringApplication.java:754) ~[spring-boot-3.2.2.jar:3.2.2]
	at org.springframework.boot.SpringApplication.refreshContext(SpringApplication.java:456) ~[spring-boot-3.2.2.jar:3.2.2]
	at org.springframework.boot.SpringApplication.run(SpringApplication.java:334) ~[spring-boot-3.2.2.jar:3.2.2]
	at org.springframework.boot.SpringApplication.run(SpringApplication.java:1354) ~[spring-boot-3.2.2.jar:3.2.2]
	at org.springframework.boot.SpringApplication.run(SpringApplication.java:1343) ~[spring-boot-3.2.2.jar:3.2.2]
	at com.example.hello.Boot01helloApplication.main(Boot01helloApplication.java:13) ~[classes/:na]
	at java.base/jdk.internal.reflect.NativeMethodAccessorImpl.invoke0(Native Method) ~[na:na]
	at java.base/jdk.internal.reflect.NativeMethodAccessorImpl.invoke(NativeMethodAccessorImpl.java:77) ~[na:na]
	at java.base/jdk.internal.reflect.DelegatingMethodAccessorImpl.invoke(DelegatingMethodAccessorImpl.java:43) ~[na:na]
	at java.base/java.lang.reflect.Method.invoke(Method.java:568) ~[na:na]
	at org.springframework.boot.devtools.restart.RestartLauncher.run(RestartLauncher.java:50) ~[spring-boot-devtools-3.2.2.jar:3.2.2]
Caused by: org.springframework.beans.BeanInstantiationException: Failed to instantiate [com.example.hello.TestComponent]: Constructor threw exception
	at org.springframework.beans.BeanUtils.instantiateClass(BeanUtils.java:223) ~[spring-beans-6.1.3.jar:6.1.3]
	at org.springframework.beans.factory.support.SimpleInstantiationStrategy.instantiate(SimpleInstantiationStrategy.java:88) ~[spring-beans-6.1.3.jar:6.1.3]
	at org.springframework.beans.factory.support.AbstractAutowireCapableBeanFactory.instantiateBean(AbstractAutowireCapableBeanFactory.java:1310) ~[spring-beans-6.1.3.jar:6.1.3]
	... 22 common frames omitted
Caused by: java.lang.NullPointerException: Cannot invoke "com.example.hello.UserComponent.start()" because "this.userCom" is null
	at com.example.hello.TestComponent.<init>(TestComponent.java:18) ~[classes/:na]
	at java.base/jdk.internal.reflect.NativeConstructorAccessorImpl.newInstance0(Native Method) ~[na:na]
	at java.base/jdk.internal.reflect.NativeConstructorAccessorImpl.newInstance(NativeConstructorAccessorImpl.java:77) ~[na:na]
	at java.base/jdk.internal.reflect.DelegatingConstructorAccessorImpl.newInstance(DelegatingConstructorAccessorImpl.java:45) ~[na:na]
	at java.base/java.lang.reflect.Constructor.newInstanceWithCaller(Constructor.java:499) ~[na:na]
	at java.base/java.lang.reflect.Constructor.newInstance(Constructor.java:480) ~[na:na]
	at org.springframework.beans.BeanUtils.instantiateClass(BeanUtils.java:197) ~[spring-beans-6.1.3.jar:6.1.3]
	... 24 common frames omitted

2024-02-21T09:34:09.903+09:00  INFO 9934 --- [restartedMain] c.example.hello.Boot01helloApplication   : Starting Boot01helloApplication using Java 17.0.9 with PID 9934 (/Users/jm/multi_deu_20/bootWork/boot01hello/target/classes started by jm in /Users/jm/multi_deu_20/bootWork/boot01hello)
2024-02-21T09:34:09.906+09:00  INFO 9934 --- [restartedMain] c.example.hello.Boot01helloApplication   : No active profile set, falling back to 1 default profile: "default"
2024-02-21T09:34:09.981+09:00  INFO 9934 --- [restartedMain] .e.DevToolsPropertyDefaultsPostProcessor : Devtools property defaults active! Set 'spring.devtools.add-properties' to 'false' to disable
2024-02-21T09:34:09.982+09:00  INFO 9934 --- [restartedMain] .e.DevToolsPropertyDefaultsPostProcessor : For additional web related logging consider setting the 'logging.level.web' property to 'DEBUG'
2024-02-21T09:34:11.007+09:00  INFO 9934 --- [restartedMain] o.s.b.w.embedded.tomcat.TomcatWebServer  : Tomcat initialized with port 8801 (http)
2024-02-21T09:34:11.022+09:00  INFO 9934 --- [restartedMain] o.apache.catalina.core.StandardService   : Starting service [Tomcat]
2024-02-21T09:34:11.022+09:00  INFO 9934 --- [restartedMain] o.apache.catalina.core.StandardEngine    : Starting Servlet engine: [Apache Tomcat/10.1.18]
2024-02-21T09:34:11.060+09:00  INFO 9934 --- [restartedMain] o.a.c.c.C.[Tomcat].[localhost].[/]       : Initializing Spring embedded WebApplicationContext
2024-02-21T09:34:11.061+09:00  INFO 9934 --- [restartedMain] w.s.c.ServletWebServerApplicationContext : Root WebApplicationContext: initialization completed in 1077 ms
2024-02-21T09:34:11.102+09:00  INFO 9934 --- [restartedMain] com.example.hello.TestComponent          : TestComponent()...
2024-02-21T09:34:11.109+09:00  INFO 9934 --- [restartedMain] com.example.hello.UserComponent          : UserComponent()...
2024-02-21T09:34:11.495+09:00  INFO 9934 --- [restartedMain] o.s.b.d.a.OptionalLiveReloadServer       : LiveReload server is running on port 35729
2024-02-21T09:34:11.532+09:00  INFO 9934 --- [restartedMain] o.s.b.w.embedded.tomcat.TomcatWebServer  : Tomcat started on port 8801 (http) with context path ''
2024-02-21T09:34:11.549+09:00  INFO 9934 --- [restartedMain] c.example.hello.Boot01helloApplication   : Started Boot01helloApplication in 2.109 seconds (process running for 2.866)
2024-02-21T09:34:11.554+09:00  INFO 9934 --- [restartedMain] com.example.hello.TestComponent          : run()....
2024-02-21T09:34:11.554+09:00  INFO 9934 --- [restartedMain] com.example.hello.UserComponent          : start
2024-02-21T09:34:11.556+09:00  INFO 9934 --- [restartedMain] c.example.hello.Boot01helloApplication   : info...
2024-02-21T09:34:11.556+09:00  WARN 9934 --- [restartedMain] c.example.hello.Boot01helloApplication   : warn..
2024-02-21T09:34:11.556+09:00 ERROR 9934 --- [restartedMain] c.example.hello.Boot01helloApplication   : error...
2024-02-21T09:35:51.743+09:00  INFO 9934 --- [File Watcher] rtingClassPathChangeChangedEventListener : Restarting due to 1 class path change (0 additions, 0 deletions, 1 modification)
2024-02-21T09:35:51.918+09:00  INFO 9934 --- [restartedMain] c.example.hello.Boot01helloApplication   : Starting Boot01helloApplication using Java 17.0.9 with PID 9934 (/Users/jm/multi_deu_20/bootWork/boot01hello/target/classes started by jm in /Users/jm/multi_deu_20/bootWork/boot01hello)
2024-02-21T09:35:51.919+09:00  INFO 9934 --- [restartedMain] c.example.hello.Boot01helloApplication   : No active profile set, falling back to 1 default profile: "default"
2024-02-21T09:35:52.196+09:00  INFO 9934 --- [restartedMain] o.s.b.w.embedded.tomcat.TomcatWebServer  : Tomcat initialized with port 8801 (http)
2024-02-21T09:35:52.198+09:00  INFO 9934 --- [restartedMain] o.apache.catalina.core.StandardService   : Starting service [Tomcat]
2024-02-21T09:35:52.198+09:00  INFO 9934 --- [restartedMain] o.apache.catalina.core.StandardEngine    : Starting Servlet engine: [Apache Tomcat/10.1.18]
2024-02-21T09:35:52.206+09:00  INFO 9934 --- [restartedMain] o.a.c.c.C.[Tomcat].[localhost].[/]       : Initializing Spring embedded WebApplicationContext
2024-02-21T09:35:52.206+09:00  INFO 9934 --- [restartedMain] w.s.c.ServletWebServerApplicationContext : Root WebApplicationContext: initialization completed in 279 ms
2024-02-21T09:35:52.215+09:00  INFO 9934 --- [restartedMain] com.example.hello.TestComponent          : TestComponent()...
2024-02-21T09:35:52.219+09:00  INFO 9934 --- [restartedMain] com.example.hello.UserComponent          : UserComponent()...
2024-02-21T09:35:52.327+09:00  INFO 9934 --- [restartedMain] o.s.b.d.a.OptionalLiveReloadServer       : LiveReload server is running on port 35729
2024-02-21T09:35:52.340+09:00  INFO 9934 --- [restartedMain] o.s.b.w.embedded.tomcat.TomcatWebServer  : Tomcat started on port 8801 (http) with context path ''
2024-02-21T09:35:52.348+09:00  INFO 9934 --- [restartedMain] c.example.hello.Boot01helloApplication   : Started Boot01helloApplication in 0.496 seconds (process running for 103.666)
2024-02-21T09:35:52.350+09:00  INFO 9934 --- [restartedMain] com.example.hello.TestComponent          : run()....
2024-02-21T09:35:52.354+09:00  INFO 9934 --- [restartedMain] com.example.hello.UserComponent          : start()....
2024-02-21T09:35:52.372+09:00  INFO 9934 --- [restartedMain] .ConditionEvaluationDeltaLoggingListener : Condition evaluation unchanged
2024-02-21T09:35:52.375+09:00  INFO 9934 --- [restartedMain] c.example.hello.Boot01helloApplication   : info...
2024-02-21T09:35:52.376+09:00  WARN 9934 --- [restartedMain] c.example.hello.Boot01helloApplication   : warn..
2024-02-21T09:35:52.376+09:00 ERROR 9934 --- [restartedMain] c.example.hello.Boot01helloApplication   : error...
2024-02-21T09:36:29.036+09:00  INFO 9934 --- [File Watcher] rtingClassPathChangeChangedEventListener : Restarting due to 1 class path change (0 additions, 0 deletions, 1 modification)
2024-02-21T09:36:29.185+09:00  INFO 9934 --- [restartedMain] c.example.hello.Boot01helloApplication   : Starting Boot01helloApplication using Java 17.0.9 with PID 9934 (/Users/jm/multi_deu_20/bootWork/boot01hello/target/classes started by jm in /Users/jm/multi_deu_20/bootWork/boot01hello)
2024-02-21T09:36:29.186+09:00  INFO 9934 --- [restartedMain] c.example.hello.Boot01helloApplication   : No active profile set, falling back to 1 default profile: "default"
2024-02-21T09:36:29.382+09:00  INFO 9934 --- [restartedMain] o.s.b.w.embedded.tomcat.TomcatWebServer  : Tomcat initialized with port 8801 (http)
2024-02-21T09:36:29.384+09:00  INFO 9934 --- [restartedMain] o.apache.catalina.core.StandardService   : Starting service [Tomcat]
2024-02-21T09:36:29.384+09:00  INFO 9934 --- [restartedMain] o.apache.catalina.core.StandardEngine    : Starting Servlet engine: [Apache Tomcat/10.1.18]
2024-02-21T09:36:29.394+09:00  INFO 9934 --- [restartedMain] o.a.c.c.C.[Tomcat].[localhost].[/]       : Initializing Spring embedded WebApplicationContext
2024-02-21T09:36:29.394+09:00  INFO 9934 --- [restartedMain] w.s.c.ServletWebServerApplicationContext : Root WebApplicationContext: initialization completed in 201 ms
2024-02-21T09:36:29.402+09:00  INFO 9934 --- [restartedMain] com.example.hello.TestComponent          : TestComponent()...
2024-02-21T09:36:29.404+09:00  INFO 9934 --- [restartedMain] com.example.hello.UserComponent          : UserComponent()...
2024-02-21T09:36:29.482+09:00  INFO 9934 --- [restartedMain] o.s.b.d.a.OptionalLiveReloadServer       : LiveReload server is running on port 35729
2024-02-21T09:36:29.490+09:00  INFO 9934 --- [restartedMain] o.s.b.w.embedded.tomcat.TomcatWebServer  : Tomcat started on port 8801 (http) with context path ''
2024-02-21T09:36:29.495+09:00  INFO 9934 --- [restartedMain] c.example.hello.Boot01helloApplication   : Started Boot01helloApplication in 0.357 seconds (process running for 140.814)
2024-02-21T09:36:29.495+09:00  INFO 9934 --- [restartedMain] com.example.hello.TestComponent          : run()....
2024-02-21T09:36:29.495+09:00  INFO 9934 --- [restartedMain] com.example.hello.UserComponent          : start()....
2024-02-21T09:36:29.508+09:00  INFO 9934 --- [restartedMain] com.example.hello.TestComponent          : UserComponent [user_name=null, user_age=0]
2024-02-21T09:36:29.510+09:00  INFO 9934 --- [restartedMain] .ConditionEvaluationDeltaLoggingListener : Condition evaluation unchanged
2024-02-21T09:36:29.511+09:00  INFO 9934 --- [restartedMain] c.example.hello.Boot01helloApplication   : info...
2024-02-21T09:36:29.512+09:00  WARN 9934 --- [restartedMain] c.example.hello.Boot01helloApplication   : warn..
2024-02-21T09:36:29.512+09:00 ERROR 9934 --- [restartedMain] c.example.hello.Boot01helloApplication   : error...
2024-02-21T09:40:16.749+09:00  INFO 9934 --- [File Watcher] rtingClassPathChangeChangedEventListener : Restarting due to 1 class path change (0 additions, 0 deletions, 1 modification)
2024-02-21T09:40:16.909+09:00  INFO 9934 --- [restartedMain] c.example.hello.Boot01helloApplication   : Starting Boot01helloApplication using Java 17.0.9 with PID 9934 (/Users/jm/multi_deu_20/bootWork/boot01hello/target/classes started by jm in /Users/jm/multi_deu_20/bootWork/boot01hello)
2024-02-21T09:40:16.910+09:00  INFO 9934 --- [restartedMain] c.example.hello.Boot01helloApplication   : No active profile set, falling back to 1 default profile: "default"
2024-02-21T09:40:17.102+09:00  INFO 9934 --- [restartedMain] o.s.b.w.embedded.tomcat.TomcatWebServer  : Tomcat initialized with port 8801 (http)
2024-02-21T09:40:17.103+09:00  INFO 9934 --- [restartedMain] o.apache.catalina.core.StandardService   : Starting service [Tomcat]
2024-02-21T09:40:17.103+09:00  INFO 9934 --- [restartedMain] o.apache.catalina.core.StandardEngine    : Starting Servlet engine: [Apache Tomcat/10.1.18]
2024-02-21T09:40:17.111+09:00  INFO 9934 --- [restartedMain] o.a.c.c.C.[Tomcat].[localhost].[/]       : Initializing Spring embedded WebApplicationContext
2024-02-21T09:40:17.111+09:00  INFO 9934 --- [restartedMain] w.s.c.ServletWebServerApplicationContext : Root WebApplicationContext: initialization completed in 194 ms
2024-02-21T09:40:17.117+09:00  INFO 9934 --- [restartedMain] com.example.hello.TestComponent          : TestComponent()...
2024-02-21T09:40:17.119+09:00  INFO 9934 --- [restartedMain] com.example.hello.UserComponent          : UserComponent()...
2024-02-21T09:40:17.189+09:00  INFO 9934 --- [restartedMain] o.s.b.d.a.OptionalLiveReloadServer       : LiveReload server is running on port 35729
2024-02-21T09:40:17.197+09:00  INFO 9934 --- [restartedMain] o.s.b.w.embedded.tomcat.TomcatWebServer  : Tomcat started on port 8801 (http) with context path ''
2024-02-21T09:40:17.201+09:00  INFO 9934 --- [restartedMain] c.example.hello.Boot01helloApplication   : Started Boot01helloApplication in 0.351 seconds (process running for 368.523)
2024-02-21T09:40:17.201+09:00  INFO 9934 --- [restartedMain] com.example.hello.TestComponent          : run()....
2024-02-21T09:40:17.202+09:00  INFO 9934 --- [restartedMain] com.example.hello.UserComponent          : start()....
2024-02-21T09:40:17.208+09:00  INFO 9934 --- [restartedMain] com.example.hello.TestComponent          : UserComponent [user_name=null, user_age=0]
2024-02-21T09:40:17.212+09:00  INFO 9934 --- [restartedMain] .ConditionEvaluationDeltaLoggingListener : Condition evaluation unchanged
2024-02-21T09:40:17.213+09:00  INFO 9934 --- [restartedMain] c.example.hello.Boot01helloApplication   : info...
2024-02-21T09:40:17.213+09:00  WARN 9934 --- [restartedMain] c.example.hello.Boot01helloApplication   : warn..
2024-02-21T09:40:17.213+09:00 ERROR 9934 --- [restartedMain] c.example.hello.Boot01helloApplication   : error...
2024-02-21T09:45:18.909+09:00  INFO 9934 --- [File Watcher] rtingClassPathChangeChangedEventListener : Restarting due to 1 class path change (0 additions, 0 deletions, 1 modification)
2024-02-21T09:45:19.062+09:00  INFO 9934 --- [restartedMain] c.example.hello.Boot01helloApplication   : Starting Boot01helloApplication using Java 17.0.9 with PID 9934 (/Users/jm/multi_deu_20/bootWork/boot01hello/target/classes started by jm in /Users/jm/multi_deu_20/bootWork/boot01hello)
2024-02-21T09:45:19.063+09:00  INFO 9934 --- [restartedMain] c.example.hello.Boot01helloApplication   : No active profile set, falling back to 1 default profile: "default"
2024-02-21T09:45:19.293+09:00  INFO 9934 --- [restartedMain] o.s.b.w.embedded.tomcat.TomcatWebServer  : Tomcat initialized with port 8801 (http)
2024-02-21T09:45:19.295+09:00  INFO 9934 --- [restartedMain] o.apache.catalina.core.StandardService   : Starting service [Tomcat]
2024-02-21T09:45:19.295+09:00  INFO 9934 --- [restartedMain] o.apache.catalina.core.StandardEngine    : Starting Servlet engine: [Apache Tomcat/10.1.18]
2024-02-21T09:45:19.309+09:00  INFO 9934 --- [restartedMain] o.a.c.c.C.[Tomcat].[localhost].[/]       : Initializing Spring embedded WebApplicationContext
2024-02-21T09:45:19.309+09:00  INFO 9934 --- [restartedMain] w.s.c.ServletWebServerApplicationContext : Root WebApplicationContext: initialization completed in 238 ms
2024-02-21T09:45:19.319+09:00  INFO 9934 --- [restartedMain] com.example.hello.TestComponent          : TestComponent()...
2024-02-21T09:45:19.320+09:00  INFO 9934 --- [restartedMain] com.example.hello.UserComponent          : UserComponent()...
2024-02-21T09:45:19.380+09:00  INFO 9934 --- [restartedMain] o.s.b.d.a.OptionalLiveReloadServer       : LiveReload server is running on port 35729
2024-02-21T09:45:19.391+09:00  INFO 9934 --- [restartedMain] o.s.b.w.embedded.tomcat.TomcatWebServer  : Tomcat started on port 8801 (http) with context path ''
2024-02-21T09:45:19.397+09:00  INFO 9934 --- [restartedMain] c.example.hello.Boot01helloApplication   : Started Boot01helloApplication in 0.388 seconds (process running for 670.723)
2024-02-21T09:45:19.399+09:00  INFO 9934 --- [restartedMain] com.example.hello.TestComponent          : run()....
2024-02-21T09:45:19.399+09:00  INFO 9934 --- [restartedMain] com.example.hello.UserComponent          : start()....
2024-02-21T09:45:19.407+09:00  INFO 9934 --- [restartedMain] com.example.hello.TestComponent          : UserComponent [user_name=null, user_age=0]
2024-02-21T09:45:19.408+09:00  INFO 9934 --- [restartedMain] .ConditionEvaluationDeltaLoggingListener : Condition evaluation unchanged
2024-02-21T09:45:19.408+09:00  INFO 9934 --- [restartedMain] c.example.hello.Boot01helloApplication   : info...
2024-02-21T09:45:19.409+09:00  WARN 9934 --- [restartedMain] c.example.hello.Boot01helloApplication   : warn..
2024-02-21T09:45:19.409+09:00 ERROR 9934 --- [restartedMain] c.example.hello.Boot01helloApplication   : error...
2024-02-21T09:45:21.803+09:00  INFO 9934 --- [File Watcher] rtingClassPathChangeChangedEventListener : Restarting due to 2 class path changes (0 additions, 0 deletions, 2 modifications)
2024-02-21T09:45:21.947+09:00  INFO 9934 --- [restartedMain] c.example.hello.Boot01helloApplication   : Starting Boot01helloApplication using Java 17.0.9 with PID 9934 (/Users/jm/multi_deu_20/bootWork/boot01hello/target/classes started by jm in /Users/jm/multi_deu_20/bootWork/boot01hello)
2024-02-21T09:45:21.949+09:00  INFO 9934 --- [restartedMain] c.example.hello.Boot01helloApplication   : No active profile set, falling back to 1 default profile: "default"
2024-02-21T09:45:22.089+09:00  INFO 9934 --- [restartedMain] o.s.b.w.embedded.tomcat.TomcatWebServer  : Tomcat initialized with port 8801 (http)
2024-02-21T09:45:22.091+09:00  INFO 9934 --- [restartedMain] o.apache.catalina.core.StandardService   : Starting service [Tomcat]
2024-02-21T09:45:22.091+09:00  INFO 9934 --- [restartedMain] o.apache.catalina.core.StandardEngine    : Starting Servlet engine: [Apache Tomcat/10.1.18]
2024-02-21T09:45:22.102+09:00  INFO 9934 --- [restartedMain] o.a.c.c.C.[Tomcat].[localhost].[/]       : Initializing Spring embedded WebApplicationContext
2024-02-21T09:45:22.102+09:00  INFO 9934 --- [restartedMain] w.s.c.ServletWebServerApplicationContext : Root WebApplicationContext: initialization completed in 146 ms
2024-02-21T09:45:22.110+09:00  INFO 9934 --- [restartedMain] com.example.hello.TestComponent          : TestComponent()...
2024-02-21T09:45:22.111+09:00  INFO 9934 --- [restartedMain] com.example.hello.UserComponent          : UserComponent()...
2024-02-21T09:45:22.154+09:00  INFO 9934 --- [restartedMain] o.s.b.d.a.OptionalLiveReloadServer       : LiveReload server is running on port 35729
2024-02-21T09:45:22.160+09:00  INFO 9934 --- [restartedMain] o.s.b.w.embedded.tomcat.TomcatWebServer  : Tomcat started on port 8801 (http) with context path ''
2024-02-21T09:45:22.164+09:00  INFO 9934 --- [restartedMain] c.example.hello.Boot01helloApplication   : Started Boot01helloApplication in 0.269 seconds (process running for 673.49)
2024-02-21T09:45:22.169+09:00  INFO 9934 --- [restartedMain] com.example.hello.TestComponent          : run()....
2024-02-21T09:45:22.169+09:00  INFO 9934 --- [restartedMain] com.example.hello.UserComponent          : start()....
2024-02-21T09:45:22.176+09:00  INFO 9934 --- [restartedMain] com.example.hello.TestComponent          : UserComponent [user_name=null, user_age=0]
2024-02-21T09:45:22.179+09:00  INFO 9934 --- [restartedMain] .ConditionEvaluationDeltaLoggingListener : Condition evaluation unchanged
2024-02-21T09:45:22.184+09:00  INFO 9934 --- [restartedMain] c.example.hello.Boot01helloApplication   : info...
2024-02-21T09:45:22.184+09:00  WARN 9934 --- [restartedMain] c.example.hello.Boot01helloApplication   : warn..
2024-02-21T09:45:22.184+09:00 ERROR 9934 --- [restartedMain] c.example.hello.Boot01helloApplication   : error...
2024-02-21T09:45:26.738+09:00  INFO 9934 --- [RMI TCP Connection(33)-127.0.0.1] inMXBeanRegistrar$SpringApplicationAdmin : Application shutdown requested.
2024-02-21T09:45:28.571+09:00  INFO 11841 --- [restartedMain] c.example.hello.Boot01helloApplication   : Starting Boot01helloApplication using Java 17.0.9 with PID 11841 (/Users/jm/multi_deu_20/bootWork/boot01hello/target/classes started by jm in /Users/jm/multi_deu_20/bootWork/boot01hello)
2024-02-21T09:45:28.574+09:00  INFO 11841 --- [restartedMain] c.example.hello.Boot01helloApplication   : No active profile set, falling back to 1 default profile: "default"
2024-02-21T09:45:28.652+09:00  INFO 11841 --- [restartedMain] .e.DevToolsPropertyDefaultsPostProcessor : Devtools property defaults active! Set 'spring.devtools.add-properties' to 'false' to disable
2024-02-21T09:45:28.653+09:00  INFO 11841 --- [restartedMain] .e.DevToolsPropertyDefaultsPostProcessor : For additional web related logging consider setting the 'logging.level.web' property to 'DEBUG'
2024-02-21T09:45:29.702+09:00  INFO 11841 --- [restartedMain] o.s.b.w.embedded.tomcat.TomcatWebServer  : Tomcat initialized with port 8801 (http)
2024-02-21T09:45:29.716+09:00  INFO 11841 --- [restartedMain] o.apache.catalina.core.StandardService   : Starting service [Tomcat]
2024-02-21T09:45:29.717+09:00  INFO 11841 --- [restartedMain] o.apache.catalina.core.StandardEngine    : Starting Servlet engine: [Apache Tomcat/10.1.18]
2024-02-21T09:45:29.754+09:00  INFO 11841 --- [restartedMain] o.a.c.c.C.[Tomcat].[localhost].[/]       : Initializing Spring embedded WebApplicationContext
2024-02-21T09:45:29.754+09:00  INFO 11841 --- [restartedMain] w.s.c.ServletWebServerApplicationContext : Root WebApplicationContext: initialization completed in 1101 ms
2024-02-21T09:45:29.803+09:00  INFO 11841 --- [restartedMain] com.example.hello.TestComponent          : TestComponent()...
2024-02-21T09:45:29.809+09:00  INFO 11841 --- [restartedMain] com.example.hello.UserComponent          : UserComponent()...
2024-02-21T09:45:30.188+09:00  INFO 11841 --- [restartedMain] o.s.b.d.a.OptionalLiveReloadServer       : LiveReload server is running on port 35729
2024-02-21T09:45:30.233+09:00  INFO 11841 --- [restartedMain] o.s.b.w.embedded.tomcat.TomcatWebServer  : Tomcat started on port 8801 (http) with context path ''
2024-02-21T09:45:30.251+09:00  INFO 11841 --- [restartedMain] c.example.hello.Boot01helloApplication   : Started Boot01helloApplication in 2.123 seconds (process running for 2.842)
2024-02-21T09:45:30.255+09:00  INFO 11841 --- [restartedMain] com.example.hello.TestComponent          : run()....
2024-02-21T09:45:30.255+09:00  INFO 11841 --- [restartedMain] com.example.hello.UserComponent          : start()....
2024-02-21T09:45:30.256+09:00  INFO 11841 --- [restartedMain] com.example.hello.TestComponent          : UserComponent [user_name=null, user_age=0]
2024-02-21T09:45:30.258+09:00  INFO 11841 --- [restartedMain] c.example.hello.Boot01helloApplication   : info...
2024-02-21T09:45:30.258+09:00  WARN 11841 --- [restartedMain] c.example.hello.Boot01helloApplication   : warn..
2024-02-21T09:45:30.259+09:00 ERROR 11841 --- [restartedMain] c.example.hello.Boot01helloApplication   : error...
2024-02-21T09:46:01.862+09:00  INFO 11841 --- [File Watcher] rtingClassPathChangeChangedEventListener : Restarting due to 1 class path change (1 addition, 0 deletions, 0 modifications)
2024-02-21T09:46:02.032+09:00  INFO 11841 --- [restartedMain] c.example.hello.Boot01helloApplication   : Starting Boot01helloApplication using Java 17.0.9 with PID 11841 (/Users/jm/multi_deu_20/bootWork/boot01hello/target/classes started by jm in /Users/jm/multi_deu_20/bootWork/boot01hello)
2024-02-21T09:46:02.034+09:00  INFO 11841 --- [restartedMain] c.example.hello.Boot01helloApplication   : No active profile set, falling back to 1 default profile: "default"
2024-02-21T09:46:02.340+09:00  INFO 11841 --- [restartedMain] o.s.b.w.embedded.tomcat.TomcatWebServer  : Tomcat initialized with port 8801 (http)
2024-02-21T09:46:02.342+09:00  INFO 11841 --- [restartedMain] o.apache.catalina.core.StandardService   : Starting service [Tomcat]
2024-02-21T09:46:02.342+09:00  INFO 11841 --- [restartedMain] o.apache.catalina.core.StandardEngine    : Starting Servlet engine: [Apache Tomcat/10.1.18]
2024-02-21T09:46:02.353+09:00  INFO 11841 --- [restartedMain] o.a.c.c.C.[Tomcat].[localhost].[/]       : Initializing Spring embedded WebApplicationContext
2024-02-21T09:46:02.354+09:00  INFO 11841 --- [restartedMain] w.s.c.ServletWebServerApplicationContext : Root WebApplicationContext: initialization completed in 310 ms
2024-02-21T09:46:02.360+09:00  INFO 11841 --- [restartedMain] com.example.hello.TestComponent          : TestComponent()...
2024-02-21T09:46:02.364+09:00  INFO 11841 --- [restartedMain] com.example.hello.UserComponent          : UserComponent()...
2024-02-21T09:46:02.510+09:00  INFO 11841 --- [restartedMain] o.s.b.d.a.OptionalLiveReloadServer       : LiveReload server is running on port 35729
2024-02-21T09:46:02.530+09:00  INFO 11841 --- [restartedMain] o.s.b.w.embedded.tomcat.TomcatWebServer  : Tomcat started on port 8801 (http) with context path ''
2024-02-21T09:46:02.545+09:00  INFO 11841 --- [restartedMain] c.example.hello.Boot01helloApplication   : Started Boot01helloApplication in 0.59 seconds (process running for 35.137)
2024-02-21T09:46:02.555+09:00  INFO 11841 --- [restartedMain] com.example.hello.TestComponent          : run()....
2024-02-21T09:46:02.556+09:00  INFO 11841 --- [restartedMain] com.example.hello.UserComponent          : start()....
2024-02-21T09:46:02.562+09:00  INFO 11841 --- [restartedMain] com.example.hello.TestComponent          : UserComponent [user_name=null, user_age=0]
2024-02-21T09:46:02.573+09:00  INFO 11841 --- [restartedMain] .ConditionEvaluationDeltaLoggingListener : Condition evaluation unchanged
2024-02-21T09:46:02.575+09:00  INFO 11841 --- [restartedMain] c.example.hello.Boot01helloApplication   : info...
2024-02-21T09:46:02.575+09:00  WARN 11841 --- [restartedMain] c.example.hello.Boot01helloApplication   : warn..
2024-02-21T09:46:02.575+09:00 ERROR 11841 --- [restartedMain] c.example.hello.Boot01helloApplication   : error...
2024-02-21T09:47:12.507+09:00  INFO 11841 --- [File Watcher] rtingClassPathChangeChangedEventListener : Restarting due to 1 class path change (0 additions, 1 deletion, 0 modifications)
2024-02-21T09:47:12.656+09:00  INFO 11841 --- [restartedMain] c.example.hello.Boot01helloApplication   : Starting Boot01helloApplication using Java 17.0.9 with PID 11841 (/Users/jm/multi_deu_20/bootWork/boot01hello/target/classes started by jm in /Users/jm/multi_deu_20/bootWork/boot01hello)
2024-02-21T09:47:12.657+09:00  INFO 11841 --- [restartedMain] c.example.hello.Boot01helloApplication   : No active profile set, falling back to 1 default profile: "default"
2024-02-21T09:47:12.885+09:00  INFO 11841 --- [restartedMain] o.s.b.w.embedded.tomcat.TomcatWebServer  : Tomcat initialized with port 8801 (http)
2024-02-21T09:47:12.887+09:00  INFO 11841 --- [restartedMain] o.apache.catalina.core.StandardService   : Starting service [Tomcat]
2024-02-21T09:47:12.887+09:00  INFO 11841 --- [restartedMain] o.apache.catalina.core.StandardEngine    : Starting Servlet engine: [Apache Tomcat/10.1.18]
2024-02-21T09:47:12.897+09:00  INFO 11841 --- [restartedMain] o.a.c.c.C.[Tomcat].[localhost].[/]       : Initializing Spring embedded WebApplicationContext
2024-02-21T09:47:12.898+09:00  INFO 11841 --- [restartedMain] w.s.c.ServletWebServerApplicationContext : Root WebApplicationContext: initialization completed in 233 ms
2024-02-21T09:47:12.905+09:00  INFO 11841 --- [restartedMain] com.example.hello.TestComponent          : TestComponent()...
2024-02-21T09:47:12.907+09:00  INFO 11841 --- [restartedMain] com.example.hello.UserComponent          : UserComponent()...
2024-02-21T09:47:12.991+09:00  INFO 11841 --- [restartedMain] o.s.b.d.a.OptionalLiveReloadServer       : LiveReload server is running on port 35729
2024-02-21T09:47:13.000+09:00  INFO 11841 --- [restartedMain] o.s.b.w.embedded.tomcat.TomcatWebServer  : Tomcat started on port 8801 (http) with context path ''
2024-02-21T09:47:13.004+09:00  INFO 11841 --- [restartedMain] c.example.hello.Boot01helloApplication   : Started Boot01helloApplication in 0.401 seconds (process running for 105.597)
2024-02-21T09:47:13.005+09:00  INFO 11841 --- [restartedMain] com.example.hello.TestComponent          : run()....
2024-02-21T09:47:13.005+09:00  INFO 11841 --- [restartedMain] com.example.hello.UserComponent          : start()....
2024-02-21T09:47:13.010+09:00  INFO 11841 --- [restartedMain] com.example.hello.TestComponent          : UserComponent [user_name=null, user_age=0]
2024-02-21T09:47:13.012+09:00  INFO 11841 --- [restartedMain] .ConditionEvaluationDeltaLoggingListener : Condition evaluation unchanged
2024-02-21T09:47:13.016+09:00  INFO 11841 --- [restartedMain] c.example.hello.Boot01helloApplication   : info...
2024-02-21T09:47:13.018+09:00  WARN 11841 --- [restartedMain] c.example.hello.Boot01helloApplication   : warn..
2024-02-21T09:47:13.018+09:00 ERROR 11841 --- [restartedMain] c.example.hello.Boot01helloApplication   : error...
2024-02-21T09:47:30.532+09:00  INFO 11841 --- [File Watcher] rtingClassPathChangeChangedEventListener : Restarting due to 1 class path change (0 additions, 0 deletions, 1 modification)
2024-02-21T09:47:30.670+09:00  INFO 11841 --- [restartedMain] c.example.hello.Boot01helloApplication   : Starting Boot01helloApplication using Java 17.0.9 with PID 11841 (/Users/jm/multi_deu_20/bootWork/boot01hello/target/classes started by jm in /Users/jm/multi_deu_20/bootWork/boot01hello)
2024-02-21T09:47:30.671+09:00  INFO 11841 --- [restartedMain] c.example.hello.Boot01helloApplication   : No active profile set, falling back to 1 default profile: "default"
2024-02-21T09:47:30.903+09:00  INFO 11841 --- [restartedMain] o.s.b.w.embedded.tomcat.TomcatWebServer  : Tomcat initialized with port 8801 (http)
2024-02-21T09:47:30.905+09:00  INFO 11841 --- [restartedMain] o.apache.catalina.core.StandardService   : Starting service [Tomcat]
2024-02-21T09:47:30.905+09:00  INFO 11841 --- [restartedMain] o.apache.catalina.core.StandardEngine    : Starting Servlet engine: [Apache Tomcat/10.1.18]
2024-02-21T09:47:30.915+09:00  INFO 11841 --- [restartedMain] o.a.c.c.C.[Tomcat].[localhost].[/]       : Initializing Spring embedded WebApplicationContext
2024-02-21T09:47:30.916+09:00  INFO 11841 --- [restartedMain] w.s.c.ServletWebServerApplicationContext : Root WebApplicationContext: initialization completed in 235 ms
2024-02-21T09:47:30.922+09:00  INFO 11841 --- [restartedMain] com.example.hello.TestComponent          : TestComponent()...
2024-02-21T09:47:30.924+09:00  INFO 11841 --- [restartedMain] com.example.hello.UserComponent          : UserComponent()...
2024-02-21T09:47:30.995+09:00  INFO 11841 --- [restartedMain] o.s.b.d.a.OptionalLiveReloadServer       : LiveReload server is running on port 35729
2024-02-21T09:47:31.001+09:00  INFO 11841 --- [restartedMain] o.s.b.w.embedded.tomcat.TomcatWebServer  : Tomcat started on port 8801 (http) with context path ''
2024-02-21T09:47:31.006+09:00  INFO 11841 --- [restartedMain] c.example.hello.Boot01helloApplication   : Started Boot01helloApplication in 0.39 seconds (process running for 123.599)
2024-02-21T09:47:31.007+09:00  INFO 11841 --- [restartedMain] com.example.hello.TestComponent          : run()....
2024-02-21T09:47:31.007+09:00  INFO 11841 --- [restartedMain] com.example.hello.UserComponent          : start()....
2024-02-21T09:47:31.016+09:00  INFO 11841 --- [restartedMain] com.example.hello.TestComponent          : UserComponent [user_name=kim, user_age=33]
2024-02-21T09:47:31.021+09:00  INFO 11841 --- [restartedMain] .ConditionEvaluationDeltaLoggingListener : Condition evaluation unchanged
2024-02-21T09:47:31.022+09:00  INFO 11841 --- [restartedMain] c.example.hello.Boot01helloApplication   : info...
2024-02-21T09:47:31.022+09:00  WARN 11841 --- [restartedMain] c.example.hello.Boot01helloApplication   : warn..
2024-02-21T09:47:31.022+09:00 ERROR 11841 --- [restartedMain] c.example.hello.Boot01helloApplication   : error...
2024-02-21T09:47:36.450+09:00  INFO 11841 --- [RMI TCP Connection(15)-127.0.0.1] inMXBeanRegistrar$SpringApplicationAdmin : Application shutdown requested.
2024-02-21T09:47:38.295+09:00  INFO 12198 --- [restartedMain] c.example.hello.Boot01helloApplication   : Starting Boot01helloApplication using Java 17.0.9 with PID 12198 (/Users/jm/multi_deu_20/bootWork/boot01hello/target/classes started by jm in /Users/jm/multi_deu_20/bootWork/boot01hello)
2024-02-21T09:47:38.297+09:00  INFO 12198 --- [restartedMain] c.example.hello.Boot01helloApplication   : No active profile set, falling back to 1 default profile: "default"
2024-02-21T09:47:38.367+09:00  INFO 12198 --- [restartedMain] .e.DevToolsPropertyDefaultsPostProcessor : Devtools property defaults active! Set 'spring.devtools.add-properties' to 'false' to disable
2024-02-21T09:47:38.368+09:00  INFO 12198 --- [restartedMain] .e.DevToolsPropertyDefaultsPostProcessor : For additional web related logging consider setting the 'logging.level.web' property to 'DEBUG'
2024-02-21T09:47:39.426+09:00  INFO 12198 --- [restartedMain] o.s.b.w.embedded.tomcat.TomcatWebServer  : Tomcat initialized with port 8801 (http)
2024-02-21T09:47:39.440+09:00  INFO 12198 --- [restartedMain] o.apache.catalina.core.StandardService   : Starting service [Tomcat]
2024-02-21T09:47:39.441+09:00  INFO 12198 --- [restartedMain] o.apache.catalina.core.StandardEngine    : Starting Servlet engine: [Apache Tomcat/10.1.18]
2024-02-21T09:47:39.480+09:00  INFO 12198 --- [restartedMain] o.a.c.c.C.[Tomcat].[localhost].[/]       : Initializing Spring embedded WebApplicationContext
2024-02-21T09:47:39.480+09:00  INFO 12198 --- [restartedMain] w.s.c.ServletWebServerApplicationContext : Root WebApplicationContext: initialization completed in 1112 ms
2024-02-21T09:47:39.522+09:00  INFO 12198 --- [restartedMain] com.example.hello.TestComponent          : TestComponent()...
2024-02-21T09:47:39.527+09:00  INFO 12198 --- [restartedMain] com.example.hello.UserComponent          : UserComponent()...
2024-02-21T09:47:39.850+09:00  INFO 12198 --- [restartedMain] o.s.b.d.a.OptionalLiveReloadServer       : LiveReload server is running on port 35729
2024-02-21T09:47:39.883+09:00  INFO 12198 --- [restartedMain] o.s.b.w.embedded.tomcat.TomcatWebServer  : Tomcat started on port 8801 (http) with context path ''
2024-02-21T09:47:39.897+09:00  INFO 12198 --- [restartedMain] c.example.hello.Boot01helloApplication   : Started Boot01helloApplication in 2.054 seconds (process running for 2.796)
2024-02-21T09:47:39.900+09:00  INFO 12198 --- [restartedMain] com.example.hello.TestComponent          : run()....
2024-02-21T09:47:39.900+09:00  INFO 12198 --- [restartedMain] com.example.hello.UserComponent          : start()....
2024-02-21T09:47:39.900+09:00  INFO 12198 --- [restartedMain] com.example.hello.TestComponent          : UserComponent [user_name=kim, user_age=33]
2024-02-21T09:47:39.902+09:00  INFO 12198 --- [restartedMain] c.example.hello.Boot01helloApplication   : info...
2024-02-21T09:47:39.903+09:00  WARN 12198 --- [restartedMain] c.example.hello.Boot01helloApplication   : warn..
2024-02-21T09:47:39.903+09:00 ERROR 12198 --- [restartedMain] c.example.hello.Boot01helloApplication   : error...
2024-02-21T10:00:43.781+09:00  INFO 12198 --- [RMI TCP Connection(21)-127.0.0.1] inMXBeanRegistrar$SpringApplicationAdmin : Application shutdown requested.
